[2025-02-11T11:51:46.816Z] info: Received order creation request
[2025-02-11T11:51:48.550Z] info: Order created successfully
[2025-02-11T12:04:01.062Z] info: Received order creation request
[2025-02-11T12:04:02.028Z] info: Order created successfully
[2025-02-11T12:10:09.842Z] info: Received order creation request
[2025-02-11T12:10:11.413Z] info: Order created successfully
[2025-02-12T00:27:03.577Z] info: Verifying payment
[2025-02-12T00:27:03.625Z] error: Payment verification failed due to signature mismatch
[2025-02-12T01:46:42.856Z] error: Invalid webhook signature
[2025-02-12T03:03:58.413Z] error: Invalid webhook signature
[2025-02-12T03:44:40.692Z] info: Verifying payment
[2025-02-12T03:44:40.695Z] error: Payment verification failed due to signature mismatch
[2025-02-12T03:44:53.480Z] info: Received order creation request
[2025-02-12T03:44:55.441Z] info: Order created successfully
[2025-02-12T04:26:16.115Z] info: Received order creation request
[2025-02-12T04:26:19.242Z] info: Order created successfully
[2025-02-12T04:28:31.881Z] info: Verifying payment
[2025-02-12T04:28:31.895Z] error: Payment verification failed due to signature mismatch
[2025-02-12T05:18:01.266Z] info: Verifying payment
[2025-02-12T05:18:01.268Z] error: Payment verification failed due to signature mismatch
[2025-02-12T09:26:30.751Z] info: Received order creation request
[2025-02-12T09:26:32.801Z] info: Order created successfully
[2025-02-12T09:38:26.152Z] info: Received order creation request
[2025-02-12T09:38:26.728Z] info: Order created successfully
[2025-02-12T09:52:06.796Z] info: Received order creation request
[2025-02-12T09:52:09.064Z] info: Order created successfully
[2025-02-12T10:03:54.458Z] info: Received order creation request
[2025-02-12T10:03:55.456Z] info: Order created successfully
[2025-02-12T11:00:29.716Z] info: Received order creation request
[2025-02-12T11:00:31.223Z] info: Order created successfully
[2025-02-12T11:01:36.180Z] info: Received order creation request
[2025-02-12T11:01:36.744Z] info: Order created successfully
[2025-02-12T11:05:03.080Z] info: Received order creation request
[2025-02-12T11:05:04.009Z] info: Order created successfully
[2025-02-12T11:08:19.047Z] info: Verifying payment
[2025-02-12T11:08:20.357Z] error: Payment verification error
[2025-02-12T11:12:21.191Z] info: Verifying payment
[2025-02-12T11:12:22.459Z] error: Payment verification error
[2025-02-12T11:17:12.073Z] info: Received order creation request
[2025-02-12T11:17:13.690Z] info: Order created successfully
[2025-02-12T11:18:54.426Z] info: Verifying payment
[2025-02-12T11:18:56.048Z] error: Payment verification error
[2025-02-12T11:24:46.003Z] info: Received order creation request
[2025-02-12T11:24:46.867Z] info: Order created successfully
[2025-02-12T11:28:26.252Z] info: Received order creation request
[2025-02-12T11:28:26.989Z] info: Order created successfully
[2025-02-12T11:29:36.545Z] info: Verifying payment
[2025-02-12T11:29:37.532Z] error: Payment verification error
